Build started 06/12/2014 01:24:08.
     1>Project "C:\Users\Killian\Desktop\Graphics\OpenGL-Game\GameProject\GameProject.vcxproj" on node 2 (Build target(s)).
     1>ClCompile:
         C:\Program Files (x86)\Microsoft Visual Studio 11.0\VC\bin\CL.exe /c /I..\..\libs\include\ /Zi /nologo /W3 /WX- /O2 /Oi /Oy- /GL /D _MBCS /Gm- /EHsc /MD /GS /Gy /fp:precise /Zc:wchar_t /Zc:forScope /Fo"Release\\" /Fd"Release\vc110.pdb" /Gd /TP /analyze- /errorReport:prompt main.cpp
         main.cpp
     1>main.cpp(141): warning C4244: 'argument' : conversion from 'int' to 'float', possible loss of data
     1>main.cpp(142): warning C4244: 'argument' : conversion from 'int' to 'float', possible loss of data
     1>main.cpp(143): warning C4244: 'argument' : conversion from 'int' to 'float', possible loss of data
     1>main.cpp(144): warning C4244: 'argument' : conversion from 'int' to 'float', possible loss of data
     1>main.cpp(145): warning C4244: 'argument' : conversion from 'int' to 'float', possible loss of data
     1>main.cpp(146): warning C4244: 'argument' : conversion from 'int' to 'float', possible loss of data
     1>main.cpp(153): warning C4244: 'argument' : conversion from 'int' to 'float', possible loss of data
     1>main.cpp(258): warning C4244: 'argument' : conversion from 'int' to 'float', possible loss of data
     1>main.cpp(286): warning C4996: 'sprintf': This function or variable may be unsafe. Consider using sprintf_s instead. To disable deprecation, use _CRT_SECURE_NO_WARNINGS. See online help for details.
                 C:\Program Files (x86)\Microsoft Visual Studio 11.0\VC\include\stdio.h(357) : see declaration of 'sprintf'
     1>main.cpp(289): warning C4996: 'sprintf': This function or variable may be unsafe. Consider using sprintf_s instead. To disable deprecation, use _CRT_SECURE_NO_WARNINGS. See online help for details.
                 C:\Program Files (x86)\Microsoft Visual Studio 11.0\VC\include\stdio.h(357) : see declaration of 'sprintf'
     1>main.cpp(294): warning C4996: 'sprintf': This function or variable may be unsafe. Consider using sprintf_s instead. To disable deprecation, use _CRT_SECURE_NO_WARNINGS. See online help for details.
                 C:\Program Files (x86)\Microsoft Visual Studio 11.0\VC\include\stdio.h(357) : see declaration of 'sprintf'
     1>main.cpp(297): warning C4996: 'sprintf': This function or variable may be unsafe. Consider using sprintf_s instead. To disable deprecation, use _CRT_SECURE_NO_WARNINGS. See online help for details.
                 C:\Program Files (x86)\Microsoft Visual Studio 11.0\VC\include\stdio.h(357) : see declaration of 'sprintf'
     1>main.cpp(300): warning C4996: 'sprintf': This function or variable may be unsafe. Consider using sprintf_s instead. To disable deprecation, use _CRT_SECURE_NO_WARNINGS. See online help for details.
                 C:\Program Files (x86)\Microsoft Visual Studio 11.0\VC\include\stdio.h(357) : see declaration of 'sprintf'
     1>main.cpp(304): warning C4996: 'sprintf': This function or variable may be unsafe. Consider using sprintf_s instead. To disable deprecation, use _CRT_SECURE_NO_WARNINGS. See online help for details.
                 C:\Program Files (x86)\Microsoft Visual Studio 11.0\VC\include\stdio.h(357) : see declaration of 'sprintf'
       Link:
         C:\Program Files (x86)\Microsoft Visual Studio 11.0\VC\bin\link.exe /ERRORREPORT:PROMPT /OUT:"C:\Users\Killian\Desktop\Graphics\OpenGL-Game\Release\GameProject.exe" /NOLOGO /LIBPATH:..\..\libs glfw3.lib glew32.lib opengl32.lib kernel32.lib user32.lib gdi32.lib winspool.lib comdlg32.lib advapi32.lib shell32.lib ole32.lib oleaut32.lib uuid.lib odbc32.lib odbccp32.lib kernel32.lib user32.lib gdi32.lib winspool.lib comdlg32.lib advapi32.lib shell32.lib ole32.lib oleaut32.lib uuid.lib odbc32.lib odbccp32.lib /MANIFEST /MANIFESTUAC:"level='asInvoker' uiAccess='false'" /manifest:embed /DEBUG /PDB:"C:\Users\Killian\Desktop\Graphics\OpenGL-Game\Release\GameProject.pdb" /OPT:REF /OPT:ICF /LTCG /TLBID:1 /DYNAMICBASE /NXCOMPAT /IMPLIB:"C:\Users\Killian\Desktop\Graphics\OpenGL-Game\Release\GameProject.lib" /MACHINE:X86 /SAFESEH Release\camera.obj
         Release\crow.obj
         Release\house.obj
         Release\main.obj
         Release\object.obj
         Release\ObjectManager.obj
         Release\objloader.obj
         Release\fountain.obj
         Release\projectile.obj
         Release\text.obj
         Release\tree.obj
         Release\utilities.obj
         Release\venom.obj
         Release\wizard.obj
     1>main.obj : error LNK2001: unresolved external symbol "__declspec(dllimport) public: __thiscall sf::Time::Time(void)" (__imp_??0Time@sf@@QAE@XZ)
     1>C:\Users\Killian\Desktop\Graphics\OpenGL-Game\Release\GameProject.exe : fatal error LNK1120: 1 unresolved externals
     1>Done Building Project "C:\Users\Killian\Desktop\Graphics\OpenGL-Game\GameProject\GameProject.vcxproj" (Build target(s)) -- FAILED.

Build FAILED.

Time Elapsed 00:00:02.06
