Build started 03/12/2014 01:03:25.
     1>Project "C:\Users\Killian\Desktop\Graphics\OpenGL-Game\GameProject\GameProject.vcxproj" on node 2 (Build target(s)).
     1>ClCompile:
         C:\Program Files (x86)\Microsoft Visual Studio 11.0\VC\bin\CL.exe /c /I..\..\libs\include\ /ZI /nologo /W3 /WX- /Od /Oy- /D _MBCS /Gm /EHsc /RTC1 /MDd /GS /fp:precise /Zc:wchar_t /Zc:forScope /Fo"Debug\\" /Fd"Debug\vc110.pdb" /Gd /TP /analyze- /errorReport:prompt camera.cpp crow.cpp main.cpp object.cpp ObjectManager.cpp objloader.cpp fountain.cpp projectile.cpp tree.cpp utilities.cpp wizard.cpp
         wizard.cpp
     1>c:\users\killian\desktop\graphics\opengl-game\gameproject\wizard.cpp(29): warning C4305: 'initializing' : truncation from 'double' to 'const float'
     1>c:\users\killian\desktop\graphics\opengl-game\gameproject\wizard.cpp(30): warning C4305: 'initializing' : truncation from 'double' to 'const float'
     1>c:\users\killian\desktop\graphics\opengl-game\gameproject\wizard.cpp(35): warning C4305: 'initializing' : truncation from 'double' to 'const float'
     1>c:\users\killian\desktop\graphics\opengl-game\gameproject\wizard.cpp(39): warning C4305: 'initializing' : truncation from 'double' to 'const float'
     1>c:\users\killian\desktop\graphics\opengl-game\gameproject\wizard.cpp(41): warning C4305: 'initializing' : truncation from 'double' to 'const float'
     1>c:\users\killian\desktop\graphics\opengl-game\gameproject\wizard.cpp(44): warning C4305: 'initializing' : truncation from 'double' to 'const float'
     1>c:\users\killian\desktop\graphics\opengl-game\gameproject\wizard.cpp(46): warning C4305: 'initializing' : truncation from 'double' to 'const float'
     1>c:\users\killian\desktop\graphics\opengl-game\gameproject\wizard.cpp(77): warning C4101: 'normal_count' : unreferenced local variable
     1>c:\users\killian\desktop\graphics\opengl-game\gameproject\wizard.cpp(77): warning C4101: 'uv_count' : unreferenced local variable
     1>c:\users\killian\desktop\graphics\opengl-game\gameproject\wizard.cpp(77): warning C4101: 'point_count' : unreferenced local variable
         GLM: rotate function taking degrees as a parameter is deprecated. #define GLM_FORCE_RADIANS before including GLM headers to remove this message.
         utilities.cpp
     1>c:\users\killian\desktop\graphics\opengl-game\gameproject\utilities.cpp(11): warning C4996: 'fopen': This function or variable may be unsafe. Consider using fopen_s instead. To disable deprecation, use _CRT_SECURE_NO_WARNINGS. See online help for details.
                 c:\program files (x86)\microsoft visual studio 11.0\vc\include\stdio.h(218) : see declaration of 'fopen'
     1>c:\users\killian\desktop\graphics\opengl-game\gameproject\utilities.cpp(20): warning C4996: 'strcpy': This function or variable may be unsafe. Consider using strcpy_s instead. To disable deprecation, use _CRT_SECURE_NO_WARNINGS. See online help for details.
                 c:\program files (x86)\microsoft visual studio 11.0\vc\include\string.h(110) : see declaration of 'strcpy'
     1>c:\users\killian\desktop\graphics\opengl-game\gameproject\utilities.cpp(30): warning C4996: 'strcat': This function or variable may be unsafe. Consider using strcat_s instead. To disable deprecation, use _CRT_SECURE_NO_WARNINGS. See online help for details.
                 c:\program files (x86)\microsoft visual studio 11.0\vc\include\string.h(115) : see declaration of 'strcat'
         tree.cpp
     1>c:\users\killian\desktop\graphics\opengl-game\gameproject\tree.cpp(27): warning C4244: 'initializing' : conversion from 'int' to 'float', possible loss of data
         GLM: rotate function taking degrees as a parameter is deprecated. #define GLM_FORCE_RADIANS before including GLM headers to remove this message.
         projectile.cpp
     1>c:\users\killian\desktop\graphics\opengl-game\gameproject\projectile.cpp(26): warning C4305: 'initializing' : truncation from 'double' to 'const float'
         GLM: rotate function taking degrees as a parameter is deprecated. #define GLM_FORCE_RADIANS before including GLM headers to remove this message.
         fountain.cpp
     1>c:\users\killian\desktop\graphics\opengl-game\gameproject\fountain.cpp(90): warning C4996: 'fopen': This function or variable may be unsafe. Consider using fopen_s instead. To disable deprecation, use _CRT_SECURE_NO_WARNINGS. See online help for details.
                 c:\program files (x86)\microsoft visual studio 11.0\vc\include\stdio.h(218) : see declaration of 'fopen'
     1>c:\users\killian\desktop\graphics\opengl-game\gameproject\fountain.cpp(99): warning C4996: 'strcpy': This function or variable may be unsafe. Consider using strcpy_s instead. To disable deprecation, use _CRT_SECURE_NO_WARNINGS. See online help for details.
                 c:\program files (x86)\microsoft visual studio 11.0\vc\include\string.h(110) : see declaration of 'strcpy'
     1>c:\users\killian\desktop\graphics\opengl-game\gameproject\fountain.cpp(109): warning C4996: 'strcat': This function or variable may be unsafe. Consider using strcat_s instead. To disable deprecation, use _CRT_SECURE_NO_WARNINGS. See online help for details.
                 c:\program files (x86)\microsoft visual studio 11.0\vc\include\string.h(115) : see declaration of 'strcat'
         objloader.cpp
     1>c:\users\killian\desktop\graphics\opengl-game\gameproject\objloader.cpp(34): warning C4996: 'fopen': This function or variable may be unsafe. Consider using fopen_s instead. To disable deprecation, use _CRT_SECURE_NO_WARNINGS. See online help for details.
                 c:\program files (x86)\microsoft visual studio 11.0\vc\include\stdio.h(218) : see declaration of 'fopen'
     1>c:\users\killian\desktop\graphics\opengl-game\gameproject\objloader.cpp(44): warning C4996: 'fscanf': This function or variable may be unsafe. Consider using fscanf_s instead. To disable deprecation, use _CRT_SECURE_NO_WARNINGS. See online help for details.
                 c:\program files (x86)\microsoft visual studio 11.0\vc\include\stdio.h(237) : see declaration of 'fscanf'
     1>c:\users\killian\desktop\graphics\opengl-game\gameproject\objloader.cpp(52): warning C4996: 'fscanf': This function or variable may be unsafe. Consider using fscanf_s instead. To disable deprecation, use _CRT_SECURE_NO_WARNINGS. See online help for details.
                 c:\program files (x86)\microsoft visual studio 11.0\vc\include\stdio.h(237) : see declaration of 'fscanf'
     1>c:\users\killian\desktop\graphics\opengl-game\gameproject\objloader.cpp(56): warning C4996: 'fscanf': This function or variable may be unsafe. Consider using fscanf_s instead. To disable deprecation, use _CRT_SECURE_NO_WARNINGS. See online help for details.
                 c:\program files (x86)\microsoft visual studio 11.0\vc\include\stdio.h(237) : see declaration of 'fscanf'
     1>c:\users\killian\desktop\graphics\opengl-game\gameproject\objloader.cpp(61): warning C4996: 'fscanf': This function or variable may be unsafe. Consider using fscanf_s instead. To disable deprecation, use _CRT_SECURE_NO_WARNINGS. See online help for details.
                 c:\program files (x86)\microsoft visual studio 11.0\vc\include\stdio.h(237) : see declaration of 'fscanf'
     1>c:\users\killian\desktop\graphics\opengl-game\gameproject\objloader.cpp(66): warning C4996: 'fscanf': This function or variable may be unsafe. Consider using fscanf_s instead. To disable deprecation, use _CRT_SECURE_NO_WARNINGS. See online help for details.
                 c:\program files (x86)\microsoft visual studio 11.0\vc\include\stdio.h(237) : see declaration of 'fscanf'
         ObjectManager.cpp
         object.cpp
         main.cpp
         GLM: rotate function taking degrees as a parameter is deprecated. #define GLM_FORCE_RADIANS before including GLM headers to remove this message.
         crow.cpp
     1>c:\users\killian\desktop\graphics\opengl-game\gameproject\crow.cpp(26): warning C4305: 'initializing' : truncation from 'double' to 'const float'
         GLM: rotate function taking degrees as a parameter is deprecated. #define GLM_FORCE_RADIANS before including GLM headers to remove this message.
         camera.cpp
     1>c:\users\killian\desktop\graphics\opengl-game\gameproject\camera.cpp(19): warning C4244: '+=' : conversion from 'double' to 'float', possible loss of data
         GLM: perspective function taking degrees as a parameter is deprecated. #define GLM_FORCE_RADIANS before including GLM headers to remove this message.
         Generating Code...
       Link:
         C:\Program Files (x86)\Microsoft Visual Studio 11.0\VC\bin\link.exe /ERRORREPORT:PROMPT /OUT:"C:\Users\Killian\Desktop\Graphics\OpenGL-Game\Debug\GameProject.exe" /INCREMENTAL /NOLOGO /LIBPATH:..\..\libs glfw3.lib glew32.lib opengl32.lib kernel32.lib user32.lib gdi32.lib winspool.lib comdlg32.lib advapi32.lib shell32.lib ole32.lib oleaut32.lib uuid.lib odbc32.lib odbccp32.lib kernel32.lib user32.lib gdi32.lib winspool.lib comdlg32.lib advapi32.lib shell32.lib ole32.lib oleaut32.lib uuid.lib odbc32.lib odbccp32.lib /MANIFEST /MANIFESTUAC:"level='asInvoker' uiAccess='false'" /manifest:embed /DEBUG /PDB:"C:\Users\Killian\Desktop\Graphics\OpenGL-Game\Debug\GameProject.pdb" /TLBID:1 /DYNAMICBASE /NXCOMPAT /IMPLIB:"C:\Users\Killian\Desktop\Graphics\OpenGL-Game\Debug\GameProject.lib" /MACHINE:X86 Debug\camera.obj
         Debug\crow.obj
         Debug\main.obj
         Debug\object.obj
         Debug\ObjectManager.obj
         Debug\objloader.obj
         Debug\fountain.obj
         Debug\projectile.obj
         Debug\tree.obj
         Debug\utilities.obj
         Debug\wizard.obj
     1>LINK : warning LNK4098: defaultlib 'MSVCRT' conflicts with use of other libs; use /NODEFAULTLIB:library
         GameProject.vcxproj -> C:\Users\Killian\Desktop\Graphics\OpenGL-Game\Debug\GameProject.exe
     1>Done Building Project "C:\Users\Killian\Desktop\Graphics\OpenGL-Game\GameProject\GameProject.vcxproj" (Build target(s)).

Build succeeded.

Time Elapsed 00:00:09.62
