C:\USERS\KILLIAN\DESKTOP\GRAPHICS\GAMEPROJECT\GAMEPROJECT\DEBUG\CAMERA.OBJ
C:\USERS\KILLIAN\DESKTOP\GRAPHICS\GAMEPROJECT\GAMEPROJECT\DEBUG\CROW.OBJ
C:\USERS\KILLIAN\DESKTOP\GRAPHICS\GAMEPROJECT\GAMEPROJECT\DEBUG\MAIN.OBJ
C:\USERS\KILLIAN\DESKTOP\GRAPHICS\GAMEPROJECT\GAMEPROJECT\DEBUG\OBJECT.OBJ
C:\USERS\KILLIAN\DESKTOP\GRAPHICS\GAMEPROJECT\GAMEPROJECT\DEBUG\OBJLOADER.OBJ
C:\USERS\KILLIAN\DESKTOP\GRAPHICS\GAMEPROJECT\GAMEPROJECT\DEBUG\FOUNTAIN.OBJ
C:\USERS\KILLIAN\DESKTOP\GRAPHICS\GAMEPROJECT\GAMEPROJECT\DEBUG\PROJECTILE.OBJ
C:\USERS\KILLIAN\DESKTOP\GRAPHICS\GAMEPROJECT\GAMEPROJECT\DEBUG\TREE.OBJ
C:\USERS\KILLIAN\DESKTOP\GRAPHICS\GAMEPROJECT\GAMEPROJECT\DEBUG\UTILITIES.OBJ
C:\USERS\KILLIAN\DESKTOP\GRAPHICS\GAMEPROJECT\GAMEPROJECT\DEBUG\WIZARD.OBJ
C:\USERS\KILLIAN\DESKTOP\GRAPHICS\GAMEPROJECT\GAMEPROJECT\DEBUG\VC110.PDB
C:\Users\Killian\Desktop\Graphics\GameProject\GameProject\Debug\camera.obj
C:\Users\Killian\Desktop\Graphics\GameProject\GameProject\Debug\crow.obj
C:\Users\Killian\Desktop\Graphics\GameProject\GameProject\Debug\fountain.obj
C:\Users\Killian\Desktop\Graphics\GameProject\GameProject\Debug\main.obj
C:\Users\Killian\Desktop\Graphics\GameProject\GameProject\Debug\object.obj
C:\Users\Killian\Desktop\Graphics\GameProject\GameProject\Debug\objloader.obj
C:\Users\Killian\Desktop\Graphics\GameProject\GameProject\Debug\projectile.obj
C:\Users\Killian\Desktop\Graphics\GameProject\GameProject\Debug\tree.obj
C:\Users\Killian\Desktop\Graphics\GameProject\GameProject\Debug\utilities.obj
C:\Users\Killian\Desktop\Graphics\GameProject\GameProject\Debug\wizard.obj
C:\Users\Killian\Desktop\Graphics\GameProject\GameProject\Debug\cl.command.1.tlog
C:\Users\Killian\Desktop\Graphics\GameProject\GameProject\Debug\CL.read.1.tlog
C:\Users\Killian\Desktop\Graphics\GameProject\GameProject\Debug\CL.write.1.tlog
C:\Users\Killian\Desktop\Graphics\GameProject\GameProject\Debug\link-cvtres.read.1.tlog
C:\Users\Killian\Desktop\Graphics\GameProject\GameProject\Debug\link-cvtres.write.1.tlog
C:\Users\Killian\Desktop\Graphics\GameProject\GameProject\Debug\link-rc.read.1.tlog
C:\Users\Killian\Desktop\Graphics\GameProject\GameProject\Debug\link-rc.write.1.tlog
C:\Users\Killian\Desktop\Graphics\GameProject\GameProject\Debug\link.command.1.tlog
C:\Users\Killian\Desktop\Graphics\GameProject\GameProject\Debug\link.read.1.tlog
C:\Users\Killian\Desktop\Graphics\GameProject\GameProject\Debug\link.write.1.tlog
C:\Users\Killian\Desktop\Graphics\GameProject\GameProject\Debug\vc110.idb
C:\Users\Killian\Desktop\Graphics\GameProject\GameProject\Debug\vc110.pdb
C:\Users\Killian\Desktop\Graphics\GameProject\Debug\GameProject.pdb
